INFO  |2025-11-03|17:43:40|config_app.py                 |76  |程序启动
INFO  |2025-11-03|17:44:32|config_app.py                 |76  |程序启动
INFO  |2025-11-03|17:46:57|config_app.py                 |76  |程序启动
INFO  |2025-11-03|17:47:07|config_app.py                 |76  |程序启动
INFO  |2025-11-03|17:53:01|config_app.py                 |82  |程序关闭
INFO  |2025-11-03|17:53:06|config_app.py                 |76  |程序启动
INFO  |2025-11-03|17:53:49|config_app.py                 |76  |程序启动
INFO  |2025-11-03|17:54:27|config_app.py                 |76  |程序启动
INFO  |2025-11-03|17:55:48|config_app.py                 |82  |程序关闭
INFO  |2025-11-03|17:55:59|config_app.py                 |76  |程序启动
INFO  |2025-11-03|18:27:19|config_app.py                 |82  |程序关闭
INFO  |2025-11-03|18:27:24|config_app.py                 |76  |程序启动
INFO  |2025-11-03|18:33:18|config_app.py                 |76  |程序启动
INFO  |2025-11-03|18:36:18|config_app.py                 |76  |程序启动
INFO  |2025-11-03|18:36:24|config_app.py                 |76  |程序启动
INFO  |2025-11-03|18:36:37|api_parse_nestjs.py           |43  |000---gpu_or_cpu,cpu
INFO  |2025-11-03|18:36:37|service_parse.py              |41  |当前环境---windows
INFO  |2025-11-03|18:36:44|api_parse_nestjs.py           |43  |000---gpu_or_cpu,cpu
INFO  |2025-11-03|18:36:44|service_parse.py              |41  |当前环境---windows
INFO  |2025-11-03|18:37:05|config_app.py                 |76  |程序启动
INFO  |2025-11-03|18:37:09|api_parse_nestjs.py           |43  |000---gpu_or_cpu,cpu
INFO  |2025-11-03|18:37:09|service_parse.py              |42  |当前环境---windows
INFO  |2025-11-03|18:37:09|service_parse.py              |45  |拼接后的path_file:,D:/BBB/sys_back_vue/filestore_oss/6mb.stl
INFO  |2025-11-03|18:37:12|service_parse.py              |88  |截图功能--state['path_screenshot_absolute'] :,D:/BBB/sys_back_vue/filestore_oss/6mb.png
INFO  |2025-11-03|18:37:12|service_parse.py              |93  |接口成功res---:,{'code': 200, 'msg': '成功:解析', 'result': {'size': 1, 'length': 57.08331298828125, 'width': 87.88800048828125, 'height': 99.99980163574219, 'surface_area': 29252.025390625, 'volume': 214244.765625, 'complexity': 0.4999850438216027, 'structural_strength': 66864, 'num_faces': 66864, 'points': 66864, 'min_thickness': 3.1415, 'thickness_proportion': np.float64(0.4696987825670785), 'path_screenshot_absolute': 'D:/BBB/sys_back_vue/filestore_oss/6mb.png', 'path_screenshot_relative': '/6mb.png'}, 'err': ''}
INFO  |2025-11-03|18:40:05|config_app.py                 |76  |程序启动
INFO  |2025-11-03|18:40:53|config_app.py                 |76  |程序启动
INFO  |2025-11-03|18:41:19|config_app.py                 |76  |程序启动
INFO  |2025-11-03|18:41:36|config_app.py                 |76  |程序启动
INFO  |2025-11-03|18:41:49|config_app.py                 |76  |程序启动
INFO  |2025-11-04|08:37:12|config_app.py                 |76  |程序启动
INFO  |2025-11-04|08:37:19|config_app.py                 |76  |程序启动
INFO  |2025-11-04|08:38:28|config_app.py                 |76  |程序启动
INFO  |2025-11-04|08:38:38|config_app.py                 |76  |程序启动
INFO  |2025-11-04|08:39:04|api_parse_nestjs.py           |43  |000---gpu_or_cpu,cpu
INFO  |2025-11-04|08:39:04|service_parse.py              |42  |当前环境---windows
INFO  |2025-11-04|08:39:04|service_parse.py              |45  |拼接后的path_file:,D:/BBB/sys_back_vue/filestore_oss/6mb.stl
INFO  |2025-11-04|08:39:06|service_parse.py              |88  |截图功能--state['path_screenshot_absolute'] :,D:/BBB/sys_back_vue/filestore_oss/6mb.png
INFO  |2025-11-04|08:39:06|service_parse.py              |93  |接口成功res---:,{'code': 200, 'msg': '成功:解析', 'result': {'size': 1, 'length': 57.08331298828125, 'width': 87.88800048828125, 'height': 99.99980163574219, 'surface_area': 29252.025390625, 'volume': 214244.765625, 'complexity': 0.4999850438216027, 'structural_strength': 66864, 'num_faces': 66864, 'points': 66864, 'min_thickness': 3.1415, 'thickness_proportion': np.float64(0.4696987825670785), 'path_screenshot_absolute': 'D:/BBB/sys_back_vue/filestore_oss/6mb.png', 'path_screenshot_relative': '/6mb.png'}, 'err': ''}
INFO  |2025-11-04|08:40:56|config_app.py                 |76  |程序启动
INFO  |2025-11-04|08:41:17|config_app.py                 |76  |程序启动
INFO  |2025-11-04|09:14:57|service_mqtt.py               |123 |正在连接MQTT服务器 - 103.119.2.223:1883
INFO  |2025-11-04|09:14:57|service_mqtt.py               |152 |成功:订阅MQTT主题 - topic:testtopic/1, qos:0
INFO  |2025-11-04|09:14:57|service_mqtt.py               |222 |MQTT客户端已启动网络循环（非阻塞）
INFO  |2025-11-04|09:14:57|mqtt_py.py                    |70  |MQTT服务已启动
INFO  |2025-11-04|09:14:57|service_mqtt.py               |71  |成功:MQTT连接成功 - broker:103.119.2.223:1883
INFO  |2025-11-04|09:14:59|service_mqtt.py               |123 |正在连接MQTT服务器 - 103.119.2.223:1883
INFO  |2025-11-04|09:14:59|service_mqtt.py               |152 |成功:订阅MQTT主题 - topic:testtopic/1, qos:0
INFO  |2025-11-04|09:14:59|service_mqtt.py               |222 |MQTT客户端已启动网络循环（非阻塞）
INFO  |2025-11-04|09:14:59|mqtt_py.py                    |70  |MQTT服务已启动
INFO  |2025-11-04|09:14:59|mqtt_py.py                    |52  |警告:MQTT服务已初始化
INFO  |2025-11-04|09:14:59|config_app.py                 |76  |程序启动
INFO  |2025-11-04|09:14:59|service_mqtt.py               |71  |成功:MQTT连接成功 - broker:103.119.2.223:1883
INFO  |2025-11-04|09:15:15|service_mqtt.py               |123 |正在连接MQTT服务器 - 103.119.2.223:1883
INFO  |2025-11-04|09:15:15|service_mqtt.py               |152 |成功:订阅MQTT主题 - topic:testtopic/1, qos:0
INFO  |2025-11-04|09:15:15|service_mqtt.py               |222 |MQTT客户端已启动网络循环（非阻塞）
INFO  |2025-11-04|09:15:15|mqtt_py.py                    |70  |MQTT服务已启动
INFO  |2025-11-04|09:15:15|mqtt_py.py                    |52  |警告:MQTT服务已初始化
INFO  |2025-11-04|09:15:15|config_app.py                 |76  |程序启动
INFO  |2025-11-04|09:15:15|service_mqtt.py               |71  |成功:MQTT连接成功 - broker:103.119.2.223:1883
INFO  |2025-11-04|09:16:16|service_mqtt.py               |112 |正在连接MQTT服务器 - 103.119.2.223:1883
INFO  |2025-11-04|09:16:16|service_mqtt.py               |141 |成功:订阅MQTT主题 - topic:testtopic/1, qos:0
INFO  |2025-11-04|09:16:16|service_mqtt.py               |211 |MQTT客户端已启动网络循环（非阻塞）
INFO  |2025-11-04|09:16:16|mqtt_py.py                    |70  |MQTT服务已启动
INFO  |2025-11-04|09:16:16|mqtt_py.py                    |52  |警告:MQTT服务已初始化
INFO  |2025-11-04|09:16:16|config_app.py                 |76  |程序启动
INFO  |2025-11-04|09:16:16|service_mqtt.py               |60  |成功:MQTT连接成功 - broker:103.119.2.223:1883
INFO  |2025-11-04|09:17:12|service_mqtt.py               |110 |正在连接MQTT服务器 - 103.119.2.223:1883
INFO  |2025-11-04|09:17:12|service_mqtt.py               |139 |成功:订阅MQTT主题 - topic:testtopic/1, qos:0
INFO  |2025-11-04|09:17:12|service_mqtt.py               |209 |MQTT客户端已启动网络循环（非阻塞）
INFO  |2025-11-04|09:17:12|mqtt_py.py                    |70  |MQTT服务已启动
INFO  |2025-11-04|09:17:12|mqtt_py.py                    |52  |警告:MQTT服务已初始化
INFO  |2025-11-04|09:17:12|config_app.py                 |76  |程序启动
INFO  |2025-11-04|09:17:12|service_mqtt.py               |58  |成功:MQTT连接成功 - broker:103.119.2.223:1883
INFO  |2025-11-04|09:19:12|service_mqtt.py               |109 |正在连接MQTT服务器 - 103.119.2.223:1883
INFO  |2025-11-04|09:19:12|service_mqtt.py               |138 |成功:订阅MQTT主题 - topic:testtopic/1, qos:0
INFO  |2025-11-04|09:19:12|service_mqtt.py               |208 |MQTT客户端已启动网络循环（非阻塞）
INFO  |2025-11-04|09:19:12|mqtt_py.py                    |70  |MQTT服务已启动
INFO  |2025-11-04|09:19:12|mqtt_py.py                    |52  |警告:MQTT服务已初始化
INFO  |2025-11-04|09:19:12|config_app.py                 |76  |程序启动
INFO  |2025-11-04|09:19:12|service_mqtt.py               |57  |成功:MQTT连接成功 - broker:103.119.2.223:1883
INFO  |2025-11-04|09:24:17|config_app.py                 |76  |程序启动
INFO  |2025-11-04|10:46:12|config_app.py                 |76  |程序启动
INFO  |2025-11-04|10:52:02|service_mqtt.py               |49  |self.成功:MQTT连接成功 :,mqtt_client_5532
INFO  |2025-11-04|10:52:02|service_mqtt.py               |49  |self.成功:MQTT连接成功 :,mqtt_client_3116
INFO  |2025-11-04|10:52:02|config_app.py                 |76  |程序启动
INFO  |2025-11-04|10:52:34|service_mqtt.py               |49  |self.成功:MQTT连接成功 :,103.119.2.223,1883
INFO  |2025-11-04|10:52:34|service_mqtt.py               |49  |self.成功:MQTT连接成功 :,103.119.2.223,1883
INFO  |2025-11-04|10:52:34|config_app.py                 |76  |程序启动
INFO  |2025-11-04|10:53:46|config_app.py                 |83  |程序关闭
INFO  |2025-11-04|10:53:48|service_mqtt.py               |49  |self.成功:MQTT连接成功 :,103.119.2.223,1883
INFO  |2025-11-04|10:53:50|service_mqtt.py               |49  |self.成功:MQTT连接成功 :,103.119.2.223,1883
INFO  |2025-11-04|10:53:50|service_mqtt.py               |49  |self.成功:MQTT连接成功 :,103.119.2.223,1883
INFO  |2025-11-04|10:53:50|config_app.py                 |76  |程序启动
INFO  |2025-11-04|10:54:18|config_app.py                 |76  |程序启动
INFO  |2025-11-04|10:55:53|config_app.py                 |76  |程序启动
INFO  |2025-11-04|10:58:20|api_parse_nestjs.py           |43  |000---gpu_or_cpu,cpu
INFO  |2025-11-04|10:58:20|service_parse.py              |42  |当前环境---windows
INFO  |2025-11-04|10:58:20|service_parse.py              |45  |拼接后的path_file:,D:/BBB/sys_back_vue/filestore_oss/6mb.stl
INFO  |2025-11-04|10:58:21|api_parse_nestjs.py           |43  |000---gpu_or_cpu,cpu
INFO  |2025-11-04|10:58:21|service_parse.py              |42  |当前环境---windows
INFO  |2025-11-04|10:58:21|service_parse.py              |45  |拼接后的path_file:,D:/BBB/sys_back_vue/filestore_oss/6mb.stl
INFO  |2025-11-04|10:58:22|service_parse.py              |88  |截图功能--state['path_screenshot_absolute'] :,D:/BBB/sys_back_vue/filestore_oss/6mb.png
INFO  |2025-11-04|10:58:22|service_parse.py              |93  |接口成功res---:,{'code': 200, 'msg': '成功:解析', 'result': {'size': 1, 'length': 57.08331298828125, 'width': 87.88800048828125, 'height': 99.99980163574219, 'surface_area': 29252.025390625, 'volume': 214244.765625, 'complexity': 0.4999850438216027, 'structural_strength': 66864, 'num_faces': 66864, 'points': 66864, 'min_thickness': 3.1415, 'thickness_proportion': np.float64(0.4696987825670785), 'path_screenshot_absolute': 'D:/BBB/sys_back_vue/filestore_oss/6mb.png', 'path_screenshot_relative': '/6mb.png'}, 'err': ''}
INFO  |2025-11-04|10:58:23|service_parse.py              |88  |截图功能--state['path_screenshot_absolute'] :,D:/BBB/sys_back_vue/filestore_oss/6mb.png
INFO  |2025-11-04|10:58:23|service_parse.py              |93  |接口成功res---:,{'code': 200, 'msg': '成功:解析', 'result': {'size': 1, 'length': 57.08331298828125, 'width': 87.88800048828125, 'height': 99.99980163574219, 'surface_area': 29252.025390625, 'volume': 214244.765625, 'complexity': 0.4999850438216027, 'structural_strength': 66864, 'num_faces': 66864, 'points': 66864, 'min_thickness': 3.1415, 'thickness_proportion': np.float64(0.4696987825670785), 'path_screenshot_absolute': 'D:/BBB/sys_back_vue/filestore_oss/6mb.png', 'path_screenshot_relative': '/6mb.png'}, 'err': ''}
INFO  |2025-11-04|11:00:14|api_parse_nestjs.py           |43  |000---gpu_or_cpu,cpu
INFO  |2025-11-04|11:00:14|service_parse.py              |42  |当前环境---windows
INFO  |2025-11-04|11:00:14|service_parse.py              |45  |拼接后的path_file:,D:/BBB/sys_back_vue/filestore_oss/6mb.stl
INFO  |2025-11-04|11:00:15|service_parse.py              |88  |截图功能--state['path_screenshot_absolute'] :,D:/BBB/sys_back_vue/filestore_oss/6mb.png
INFO  |2025-11-04|11:00:15|service_parse.py              |93  |接口成功res---:,{'code': 200, 'msg': '成功:解析', 'result': {'size': 1, 'length': 57.08331298828125, 'width': 87.88800048828125, 'height': 99.99980163574219, 'surface_area': 29252.025390625, 'volume': 214244.765625, 'complexity': 0.4999850438216027, 'structural_strength': 66864, 'num_faces': 66864, 'points': 66864, 'min_thickness': 3.1415, 'thickness_proportion': np.float64(0.4696987825670785), 'path_screenshot_absolute': 'D:/BBB/sys_back_vue/filestore_oss/6mb.png', 'path_screenshot_relative': '/6mb.png'}, 'err': ''}
INFO  |2025-11-04|11:00:15|api_parse_nestjs.py           |43  |000---gpu_or_cpu,cpu
INFO  |2025-11-04|11:00:15|service_parse.py              |42  |当前环境---windows
INFO  |2025-11-04|11:00:15|service_parse.py              |45  |拼接后的path_file:,D:/BBB/sys_back_vue/filestore_oss/6mb.stl
INFO  |2025-11-04|11:00:15|service_parse.py              |88  |截图功能--state['path_screenshot_absolute'] :,D:/BBB/sys_back_vue/filestore_oss/6mb.png
INFO  |2025-11-04|11:00:15|service_parse.py              |93  |接口成功res---:,{'code': 200, 'msg': '成功:解析', 'result': {'size': 1, 'length': 57.08331298828125, 'width': 87.88800048828125, 'height': 99.99980163574219, 'surface_area': 29252.025390625, 'volume': 214244.765625, 'complexity': 0.4999850438216027, 'structural_strength': 66864, 'num_faces': 66864, 'points': 66864, 'min_thickness': 3.1415, 'thickness_proportion': np.float64(0.4696987825670785), 'path_screenshot_absolute': 'D:/BBB/sys_back_vue/filestore_oss/6mb.png', 'path_screenshot_relative': '/6mb.png'}, 'err': ''}
INFO  |2025-11-04|11:01:17|api_parse_nestjs.py           |43  |000---gpu_or_cpu,cpu
INFO  |2025-11-04|11:01:17|service_parse.py              |42  |当前环境---windows
INFO  |2025-11-04|11:01:17|service_parse.py              |45  |拼接后的path_file:,D:/BBB/sys_back_vue/filestore_oss/6mb.stl
INFO  |2025-11-04|11:01:17|service_parse.py              |88  |截图功能--state['path_screenshot_absolute'] :,D:/BBB/sys_back_vue/filestore_oss/6mb.png
INFO  |2025-11-04|11:01:17|service_parse.py              |93  |接口成功res---:,{'code': 200, 'msg': '成功:解析', 'result': {'size': 1, 'length': 57.08331298828125, 'width': 87.88800048828125, 'height': 99.99980163574219, 'surface_area': 29252.025390625, 'volume': 214244.765625, 'complexity': 0.4999850438216027, 'structural_strength': 66864, 'num_faces': 66864, 'points': 66864, 'min_thickness': 3.1415, 'thickness_proportion': np.float64(0.4696987825670785), 'path_screenshot_absolute': 'D:/BBB/sys_back_vue/filestore_oss/6mb.png', 'path_screenshot_relative': '/6mb.png'}, 'err': ''}
INFO  |2025-11-04|11:01:18|api_parse_nestjs.py           |43  |000---gpu_or_cpu,cpu
INFO  |2025-11-04|11:01:18|service_parse.py              |42  |当前环境---windows
INFO  |2025-11-04|11:01:18|service_parse.py              |45  |拼接后的path_file:,D:/BBB/sys_back_vue/filestore_oss/6mb.stl
INFO  |2025-11-04|11:01:18|service_parse.py              |88  |截图功能--state['path_screenshot_absolute'] :,D:/BBB/sys_back_vue/filestore_oss/6mb.png
INFO  |2025-11-04|11:01:18|service_parse.py              |93  |接口成功res---:,{'code': 200, 'msg': '成功:解析', 'result': {'size': 1, 'length': 57.08331298828125, 'width': 87.88800048828125, 'height': 99.99980163574219, 'surface_area': 29252.025390625, 'volume': 214244.765625, 'complexity': 0.4999850438216027, 'structural_strength': 66864, 'num_faces': 66864, 'points': 66864, 'min_thickness': 3.1415, 'thickness_proportion': np.float64(0.4696987825670785), 'path_screenshot_absolute': 'D:/BBB/sys_back_vue/filestore_oss/6mb.png', 'path_screenshot_relative': '/6mb.png'}, 'err': ''}
INFO  |2025-11-04|11:02:33|api_parse_nestjs.py           |43  |000---gpu_or_cpu,cpu
INFO  |2025-11-04|11:02:33|service_parse.py              |42  |当前环境---windows
INFO  |2025-11-04|11:02:33|service_parse.py              |45  |拼接后的path_file:,D:/BBB/sys_back_vue/filestore_oss/6mb.stl
INFO  |2025-11-04|11:02:33|service_parse.py              |88  |截图功能--state['path_screenshot_absolute'] :,D:/BBB/sys_back_vue/filestore_oss/6mb.png
INFO  |2025-11-04|11:02:33|service_parse.py              |93  |接口成功res---:,{'code': 200, 'msg': '成功:解析', 'result': {'size': 1, 'length': 57.08331298828125, 'width': 87.88800048828125, 'height': 99.99980163574219, 'surface_area': 29252.025390625, 'volume': 214244.765625, 'complexity': 0.4999850438216027, 'structural_strength': 66864, 'num_faces': 66864, 'points': 66864, 'min_thickness': 3.1415, 'thickness_proportion': np.float64(0.4696987825670785), 'path_screenshot_absolute': 'D:/BBB/sys_back_vue/filestore_oss/6mb.png', 'path_screenshot_relative': '/6mb.png'}, 'err': ''}
INFO  |2025-11-04|11:02:33|api_parse_nestjs.py           |43  |000---gpu_or_cpu,cpu
INFO  |2025-11-04|11:02:33|service_parse.py              |42  |当前环境---windows
INFO  |2025-11-04|11:02:33|service_parse.py              |45  |拼接后的path_file:,D:/BBB/sys_back_vue/filestore_oss/6mb.stl
INFO  |2025-11-04|11:02:34|service_parse.py              |88  |截图功能--state['path_screenshot_absolute'] :,D:/BBB/sys_back_vue/filestore_oss/6mb.png
INFO  |2025-11-04|11:02:34|service_parse.py              |93  |接口成功res---:,{'code': 200, 'msg': '成功:解析', 'result': {'size': 1, 'length': 57.08331298828125, 'width': 87.88800048828125, 'height': 99.99980163574219, 'surface_area': 29252.025390625, 'volume': 214244.765625, 'complexity': 0.4999850438216027, 'structural_strength': 66864, 'num_faces': 66864, 'points': 66864, 'min_thickness': 3.1415, 'thickness_proportion': np.float64(0.4696987825670785), 'path_screenshot_absolute': 'D:/BBB/sys_back_vue/filestore_oss/6mb.png', 'path_screenshot_relative': '/6mb.png'}, 'err': ''}
INFO  |2025-11-04|11:03:29|api_parse_nestjs.py           |43  |000---gpu_or_cpu,cpu
INFO  |2025-11-04|11:03:29|service_parse.py              |42  |当前环境---windows
INFO  |2025-11-04|11:03:29|service_parse.py              |45  |拼接后的path_file:,D:/BBB/sys_back_vue/filestore_oss/6mb.stl
INFO  |2025-11-04|11:03:29|service_parse.py              |88  |截图功能--state['path_screenshot_absolute'] :,D:/BBB/sys_back_vue/filestore_oss/6mb.png
INFO  |2025-11-04|11:03:29|service_parse.py              |93  |接口成功res---:,{'code': 200, 'msg': '成功:解析', 'result': {'size': 1, 'length': 57.08331298828125, 'width': 87.88800048828125, 'height': 99.99980163574219, 'surface_area': 29252.025390625, 'volume': 214244.765625, 'complexity': 0.4999850438216027, 'structural_strength': 66864, 'num_faces': 66864, 'points': 66864, 'min_thickness': 3.1415, 'thickness_proportion': np.float64(0.4696987825670785), 'path_screenshot_absolute': 'D:/BBB/sys_back_vue/filestore_oss/6mb.png', 'path_screenshot_relative': '/6mb.png'}, 'err': ''}
INFO  |2025-11-04|11:03:47|api_parse_nestjs.py           |43  |000---gpu_or_cpu,cpu
INFO  |2025-11-04|11:03:47|service_parse.py              |42  |当前环境---windows
INFO  |2025-11-04|11:03:47|service_parse.py              |45  |拼接后的path_file:,D:/BBB/sys_back_vue/filestore_oss/6mb.stl
INFO  |2025-11-04|11:03:47|service_parse.py              |88  |截图功能--state['path_screenshot_absolute'] :,D:/BBB/sys_back_vue/filestore_oss/6mb.png
INFO  |2025-11-04|11:03:47|service_parse.py              |93  |接口成功res---:,{'code': 200, 'msg': '成功:解析', 'result': {'size': 1, 'length': 57.08331298828125, 'width': 87.88800048828125, 'height': 99.99980163574219, 'surface_area': 29252.025390625, 'volume': 214244.765625, 'complexity': 0.4999850438216027, 'structural_strength': 66864, 'num_faces': 66864, 'points': 66864, 'min_thickness': 3.1415, 'thickness_proportion': np.float64(0.4696987825670785), 'path_screenshot_absolute': 'D:/BBB/sys_back_vue/filestore_oss/6mb.png', 'path_screenshot_relative': '/6mb.png'}, 'err': ''}
